2023-10-08 23:20:20,291 mycat [INFO]  [gateway.cc operator() 136] response.code : -1, msg: @Fk®

2023-10-08 23:36:31,963 mycat [INFO]  [gateway.cc operator() 196] {"data":{"Location":"/static/view/home.html","Token":"eyJhbGciOiJIUzUxMiIsInR5cCI6IkpXVCJ9.eyJleHAiOjMxNTM2MDAwLCJzdWIiOiJHb3Jkb24gRnJlZW1hbiIsImlzcyI6IkJsYWNrIE1lc2EiLCJhdWQiOiJIVUFRVVEifQ.pUov6w3ivnHZAY-Ur4pVwfzx5g8w-M0X_C7nWO18o5poUlUH6LXz_KmVnXRbofVwgGe3nlBwgfaaIx-9YVgnIg","Username":"wys5"}}
2023-10-08 23:38:29,004 mycat [INFO]  [gateway.cc operator() 196] {"data":{"Location":"/static/view/home.html","Token":"eyJhbGciOiJIUzUxMiIsInR5cCI6IkpXVCJ9.eyJleHAiOjMxNTM2MDAwLCJzdWIiOiJHb3Jkb24gRnJlZW1hbiIsImlzcyI6IkJsYWNrIE1lc2EiLCJhdWQiOiJIVUFRVVEifQ.pUov6w3ivnHZAY-Ur4pVwfzx5g8w-M0X_C7nWO18o5poUlUH6LXz_KmVnXRbofVwgGe3nlBwgfaaIx-9YVgnIg","Username":"wys5"}}
2023-10-09 09:56:08,283 mycat [DEBUG]  [gateway.cc operator() 199] {"data":{"Location":"/static/view/home.html","Token":"eyJhbGciOiJIUzUxMiIsInR5cCI6IkpXVCJ9.eyJleHAiOjMxNTM2MDAwLCJzdWIiOiJHb3Jkb24gRnJlZW1hbiIsImlzcyI6IkJsYWNrIE1lc2EiLCJhdWQiOiJIVUFRVVEifQ.pUov6w3ivnHZAY-Ur4pVwfzx5g8w-M0X_C7nWO18o5poUlUH6LXz_KmVnXRbofVwgGe3nlBwgfaaIx-9YVgnIg","Username":"wys5"}}
2023-10-09 09:56:08,291 mycat [INFO]  [gateway.cc operator() 200] ðµ}O signin success

2023-10-09 09:56:08,590 mycat [DEBUG]  [gateway.cc operator() 224] username: wys5, token: eyJhbGciOiJIUzUxMiIsInR5cCI6IkpXVCJ9.eyJleHAiOjMxNTM2MDAwLCJzdWIiOiJHb3Jkb24gRnJlZW1hbiIsImlzcyI6IkJsYWNrIE1lc2EiLCJhdWQiOiJIVUFRVVEifQ.pUov6w3ivnHZAY-Ur4pVwfzx5g8w-M0X_C7nWO18o5poUlUH6LXz_KmVnXRbofVwgGe3nlBwgfaaIx-9YVgnIg

2023-10-09 09:56:08,595 mycat [DEBUG]  [gateway.cc operator() 255] {"data":{"SignupAt":"2023-10-08 23:28:47","Username":""}}
2023-10-09 09:56:08,595 mycat [INFO]  [gateway.cc operator() 256]  get userinfo success

2023-10-09 09:57:46,894 mycat [DEBUG]  [gateway.cc operator() 224] username: wys5, token: eyJhbGciOiJIUzUxMiIsInR5cCI6IkpXVCJ9.eyJleHAiOjMxNTM2MDAwLCJzdWIiOiJHb3Jkb24gRnJlZW1hbiIsImlzcyI6IkJsYWNrIE1lc2EiLCJhdWQiOiJIVUFRVVEifQ.pUov6w3ivnHZAY-Ur4pVwfzx5g8w-M0X_C7nWO18o5poUlUH6LXz_KmVnXRbofVwgGe3nlBwgfaaIx-9YVgnIg

2023-10-09 09:57:46,902 mycat [DEBUG]  [gateway.cc operator() 255] {"data":{"SignupAt":"2023-10-08 23:28:47","Username":"wys5"}}
2023-10-09 09:57:46,902 mycat [INFO]  [gateway.cc operator() 256]  get userinfo success

2023-10-09 09:57:49,760 mycat [DEBUG]  [gateway.cc operator() 224] username: wys5, token: eyJhbGciOiJIUzUxMiIsInR5cCI6IkpXVCJ9.eyJleHAiOjMxNTM2MDAwLCJzdWIiOiJHb3Jkb24gRnJlZW1hbiIsImlzcyI6IkJsYWNrIE1lc2EiLCJhdWQiOiJIVUFRVVEifQ.pUov6w3ivnHZAY-Ur4pVwfzx5g8w-M0X_C7nWO18o5poUlUH6LXz_KmVnXRbofVwgGe3nlBwgfaaIx-9YVgnIg

2023-10-09 09:57:49,763 mycat [DEBUG]  [gateway.cc operator() 255] {"data":{"SignupAt":"2023-10-08 23:28:47","Username":"wys5"}}
2023-10-09 09:57:49,763 mycat [INFO]  [gateway.cc operator() 256]  get userinfo success

2023-10-09 10:05:15,007 mycat [DEBUG]  [gateway.cc operator() 224] username: wys5, token: eyJhbGciOiJIUzUxMiIsInR5cCI6IkpXVCJ9.eyJleHAiOjMxNTM2MDAwLCJzdWIiOiJHb3Jkb24gRnJlZW1hbiIsImlzcyI6IkJsYWNrIE1lc2EiLCJhdWQiOiJIVUFRVVEifQ.pUov6w3ivnHZAY-Ur4pVwfzx5g8w-M0X_C7nWO18o5poUlUH6LXz_KmVnXRbofVwgGe3nlBwgfaaIx-9YVgnIg

2023-10-09 10:05:15,114 mycat [DEBUG]  [gateway.cc operator() 248] {"data":{"SignupAt":"2023-10-08 23:28:47","Username":"wys5"}}
2023-10-09 10:05:15,114 mycat [INFO]  [gateway.cc operator() 249]  get userinfo success

2023-10-09 10:05:16,843 mycat [DEBUG]  [gateway.cc operator() 224] username: wys5, token: eyJhbGciOiJIUzUxMiIsInR5cCI6IkpXVCJ9.eyJleHAiOjMxNTM2MDAwLCJzdWIiOiJHb3Jkb24gRnJlZW1hbiIsImlzcyI6IkJsYWNrIE1lc2EiLCJhdWQiOiJIVUFRVVEifQ.pUov6w3ivnHZAY-Ur4pVwfzx5g8w-M0X_C7nWO18o5poUlUH6LXz_KmVnXRbofVwgGe3nlBwgfaaIx-9YVgnIg

2023-10-09 10:05:16,845 mycat [DEBUG]  [gateway.cc operator() 248] {"data":{"SignupAt":"2023-10-08 23:28:47","Username":"wys5"}}
2023-10-09 10:05:16,845 mycat [INFO]  [gateway.cc operator() 249]  get userinfo success

2023-10-09 10:14:35,218 mycat [INFO]  [gateway.cc operator() 127] Signup success!
2023-10-09 10:14:41,257 mycat [DEBUG]  [gateway.cc operator() 185] {"data":{"Location":"/static/view/home.html","Token":"eyJhbGciOiJIUzUxMiIsInR5cCI6IkpXVCJ9.eyJleHAiOjMxNTM2MDAwLCJzdWIiOiJHb3Jkb24gRnJlZW1hbiIsImlzcyI6IkJsYWNrIE1lc2EiLCJhdWQiOiJIVUFRVVEifQ.pUov6w3ivnHZAY-Ur4pVwfzx5g8w-M0X_C7nWO18o5poUlUH6LXz_KmVnXRbofVwgGe3nlBwgfaaIx-9YVgnIg","Username":"wys6"}}
2023-10-09 10:14:41,257 mycat [INFO]  [gateway.cc operator() 186] ðuºÞï signin success

2023-10-09 10:14:41,678 mycat [DEBUG]  [gateway.cc operator() 210] username: wys6, token: eyJhbGciOiJIUzUxMiIsInR5cCI6IkpXVCJ9.eyJleHAiOjMxNTM2MDAwLCJzdWIiOiJHb3Jkb24gRnJlZW1hbiIsImlzcyI6IkJsYWNrIE1lc2EiLCJhdWQiOiJIVUFRVVEifQ.pUov6w3ivnHZAY-Ur4pVwfzx5g8w-M0X_C7nWO18o5poUlUH6LXz_KmVnXRbofVwgGe3nlBwgfaaIx-9YVgnIg

2023-10-09 10:14:41,681 mycat [DEBUG]  [gateway.cc operator() 234] {"data":{"SignupAt":"2023-10-09 10:14:35","Username":"wys6"}}
2023-10-09 10:14:41,682 mycat [INFO]  [gateway.cc operator() 235]  get userinfo success

